<?xml version="1.0" encoding="UTF-8"?>
<testng-results ignored="0" total="1" passed="1" failed="0" skipped="0">
  <reporter-output>
  </reporter-output>
  <suite started-at="2022-06-03T02:49:45Z" name="Suite" finished-at="2022-06-03T02:50:11Z" duration-ms="26791">
    <groups>
      <group name="regression">
        <method signature="TNG_002.amazon()[pri:0, instance:testNG.TNG_002@6c130c45]" name="amazon" class="testNG.TNG_002"/>
      </group> <!-- regression -->
      <group name="sanity">
        <method signature="TNG_002.amazon()[pri:0, instance:testNG.TNG_002@6c130c45]" name="amazon" class="testNG.TNG_002"/>
      </group> <!-- sanity -->
    </groups>
    <test started-at="2022-06-03T02:49:45Z" name="Test" finished-at="2022-06-03T02:50:11Z" duration-ms="26791">
      <class name="testNG.TNG_002">
        <test-method is-config="true" signature="startUp(java.lang.String)[pri:0, instance:testNG.TNG_002@6c130c45]" started-at="2022-06-03T02:49:45Z" name="startUp" finished-at="2022-06-03T02:49:59Z" duration-ms="14252" status="PASS">
          <params>
            <param index="0">
              <value>
                <![CDATA[chrome]]>
              </value>
            </param>
          </params>
          <reporter-output>
          </reporter-output>
        </test-method> <!-- startUp -->
        <test-method signature="amazon()[pri:0, instance:testNG.TNG_002@6c130c45]" started-at="2022-06-03T02:49:59Z" name="amazon" finished-at="2022-06-03T02:50:08Z" duration-ms="8640" status="PASS">
          <reporter-output>
          </reporter-output>
        </test-method> <!-- amazon -->
        <test-method is-config="true" signature="endProcess()[pri:0, instance:testNG.TNG_002@6c130c45]" started-at="2022-06-03T02:50:08Z" name="endProcess" finished-at="2022-06-03T02:50:11Z" duration-ms="3832" status="PASS">
          <reporter-output>
          </reporter-output>
        </test-method> <!-- endProcess -->
      </class> <!-- testNG.TNG_002 -->
    </test> <!-- Test -->
  </suite> <!-- Suite -->
</testng-results>
